<?xml version="1.0" encoding="UTF-8"?>
<!-- Generated by org.testng.reporters.JUnitReportReporter -->
<testsuite hostname="SSTINDIA" failures="0" tests="1" name="Tests_AHS.Add_new_doctor_Test" time="89.527" errors="0" timestamp="2023-07-12T10:22:28 IST" skipped="0">
  <testcase classname="Tests_AHS.Add_new_doctor_Test" name="SearchforDoctor" time="89.527"/>
</testsuite> <!-- Tests_AHS.Add_new_doctor_Test -->
